Tue Dec 10 08:55:19 +07 2019
running:: go.v1.bin
processing file:: /home/vietvd5/works/large-file/data/by_date/itcont_2018_20020411_20170529.txt
task 1::  1999820
task 2::  [  GAWRONSKI, GRANT CROMEY, NICOLE]
task 3:: 
   201807 : 2727
   201903 : 2446
   201806 : 2658
   201703 : 78592
   201904 : 395
   201907 : 418
   201712 : 41584
   201706 : 134515
   201810 : 2185
   201808 : 4531
   201803 : 2339
   201802 : 5425
   201705 : 197343
   201804 : 627834
   201707 : 349184
   201704 : 252461
   201711 : 6455
   201909 : 154
   201906 : 92
   201905 : 207
   201708 : 61550
   201701 : 21
   201902 : 136
   201801 : 45917
   201812 : 1949
   201710 : 49334
   201901 : 2328
   201809 : 2808
   201908 : 477
   201805 : 44228
   201709 : 42389
   201702 : 36358
   201811 : 780
task 4::  SMITH 12651
running:: main.v1.scala.sh
file::/home/vietvd5/works/large-file/data/by_date/itcont_2018_20020411_20170529.txt
task 1:: 1999820
task 2:: 
task 3 
    201712:41584
    201811:780
    201711:6455
    201810:2185
    201812:1949
    201710:49334
    201907:418
    201709:42389
    201808:4531
    201906:92
    201708:61550
    201807:2727
    201909:154
    201908:477
    201809:2808
    201903:2446
    201705:197343
    201804:627834
    201902:136
    201704:252461
    201803:2339
    201905:207
    201707:349184
    201806:2658
    201904:395
    201706:134515
    201805:44228
    201701:21
    201901:2328
    201703:78592
    201802:5425
    201702:36358
    201801:45917
task 4 SMITH 12650
running:: python.v1.py
processing file:: /home/vietvd5/works/large-file/data/by_date/itcont_2018_20020411_20170529.txt
task 1:: 1999820
task 2:: ['GAWRONSKI, GRANT', 'CROMEY, NICOLE']
task 3
  201801:45917
  201810:2185
  201804:627834
  201805:44228
  201812:1949
  201707:349184
  201808:4531
  201807:2727
  201806:2658
  201710:49334
  201803:2339
  201802:5425
  201703:78592
  201712:41584
  201704:252461
  201905:207
  201709:42389
  201711:6455
  201708:61550
  201706:134515
  201705:197343
  201702:36358
  201701:21
  201901:2328
  201904:395
  201809:2808
  201811:780
  201902:136
  201909:154
  201907:418
  201908:477
  201906:92
  201903:2446
task 4:: SMITH; 12650
Tue Dec 10 08:55:59 +07 2019
running:: go.v1.bin
processing file:: /home/vietvd5/works/large-file/data/by_date/itcont_2018_20020411_20170529.txt
task 1::  1999820
task 2::  [  GAWRONSKI, GRANT CROMEY, NICOLE]
task 3:: 
   201908 : 477
   201803 : 2339
   201704 : 252461
   201904 : 395
   201909 : 154
   201706 : 134515
   201811 : 780
   201804 : 627834
   201806 : 2658
   201712 : 41584
   201906 : 92
   201809 : 2808
   201907 : 418
   201801 : 45917
   201810 : 2185
   201807 : 2727
   201702 : 36358
   201903 : 2446
   201805 : 44228
   201703 : 78592
   201711 : 6455
   201902 : 136
   201802 : 5425
   201705 : 197343
   201901 : 2328
   201812 : 1949
   201808 : 4531
   201709 : 42389
   201701 : 21
   201707 : 349184
   201710 : 49334
   201905 : 207
   201708 : 61550
task 4::  SMITH 12651
running:: main.v1.scala.sh
file::/home/vietvd5/works/large-file/data/by_date/itcont_2018_20020411_20170529.txt
task 1:: 1999820
task 2:: 
task 3 
    201712:41584
    201811:780
    201711:6455
    201810:2185
    201812:1949
    201710:49334
    201907:418
    201709:42389
    201808:4531
    201906:92
    201708:61550
    201807:2727
    201909:154
    201908:477
    201809:2808
    201903:2446
    201705:197343
    201804:627834
    201902:136
    201704:252461
    201803:2339
    201905:207
    201707:349184
    201806:2658
    201904:395
    201706:134515
    201805:44228
    201701:21
    201901:2328
    201703:78592
    201802:5425
    201702:36358
    201801:45917
task 4 SMITH 12650
running:: python.v1.py
processing file:: /home/vietvd5/works/large-file/data/by_date/itcont_2018_20020411_20170529.txt
task 1:: 1999820
task 2:: ['GAWRONSKI, GRANT', 'CROMEY, NICOLE']
task 3
  201801:45917
  201810:2185
  201804:627834
  201805:44228
  201812:1949
  201707:349184
  201808:4531
  201807:2727
  201806:2658
  201710:49334
  201803:2339
  201802:5425
  201703:78592
  201712:41584
  201704:252461
  201905:207
  201709:42389
  201711:6455
  201708:61550
  201706:134515
  201705:197343
  201702:36358
  201701:21
  201901:2328
  201904:395
  201809:2808
  201811:780
  201902:136
  201909:154
  201907:418
  201908:477
  201906:92
  201903:2446
task 4:: SMITH; 12650
Tue Dec 10 08:57:01 +07 2019
running:: go.v1.bin
processing file:: /home/vietvd5/works/large-file/data/by_date/itcont_2018_20020411_20170529.txt
task 1::  1999820
task 2::  [  GAWRONSKI, GRANT CROMEY, NICOLE]
task 3:: 
   201707 : 349184
   201710 : 49334
   201704 : 252461
   201905 : 207
   201709 : 42389
   201810 : 2185
   201805 : 44228
   201812 : 1949
   201803 : 2339
   201708 : 61550
   201705 : 197343
   201901 : 2328
   201811 : 780
   201804 : 627834
   201802 : 5425
   201706 : 134515
   201702 : 36358
   201908 : 477
   201903 : 2446
   201907 : 418
   201807 : 2727
   201806 : 2658
   201711 : 6455
   201701 : 21
   201902 : 136
   201906 : 92
   201801 : 45917
   201808 : 4531
   201712 : 41584
   201904 : 395
   201909 : 154
   201703 : 78592
   201809 : 2808
task 4::  SMITH 12651
running:: main.v1.scala.sh
file::/home/vietvd5/works/large-file/data/by_date/itcont_2018_20020411_20170529.txt
task 1:: 1999820
task 2:: 
task 3 
    201712:41584
    201811:780
    201711:6455
    201810:2185
    201812:1949
    201710:49334
    201907:418
    201709:42389
    201808:4531
    201906:92
    201708:61550
    201807:2727
    201909:154
    201908:477
    201809:2808
    201903:2446
    201705:197343
    201804:627834
    201902:136
    201704:252461
    201803:2339
    201905:207
    201707:349184
    201806:2658
    201904:395
    201706:134515
    201805:44228
    201701:21
    201901:2328
    201703:78592
    201802:5425
    201702:36358
    201801:45917
task 4 SMITH 12650
running:: python.v1.py
processing file:: /home/vietvd5/works/large-file/data/by_date/itcont_2018_20020411_20170529.txt
task 1:: 1999820
task 2:: ['GAWRONSKI, GRANT', 'CROMEY, NICOLE']
task 3
  201801:45917
  201810:2185
  201804:627834
  201805:44228
  201812:1949
  201707:349184
  201808:4531
  201807:2727
  201806:2658
  201710:49334
  201803:2339
  201802:5425
  201703:78592
  201712:41584
  201704:252461
  201905:207
  201709:42389
  201711:6455
  201708:61550
  201706:134515
  201705:197343
  201702:36358
  201701:21
  201901:2328
  201904:395
  201809:2808
  201811:780
  201902:136
  201909:154
  201907:418
  201908:477
  201906:92
  201903:2446
task 4:: SMITH; 12650
Tue Dec 10 08:59:22 +07 2019
running:: go.v1.bin
processing file:: /home/vietvd5/works/large-file/data/by_date/itcont_2018_20020411_20170529.txt
task 1::  1999820
task 2::  [  GAWRONSKI, GRANT CROMEY, NICOLE]
task 3:: 
   201904 : 395
   201811 : 780
   201807 : 2727
   201710 : 49334
   201802 : 5425
   201703 : 78592
   201905 : 207
   201903 : 2446
   201801 : 45917
   201810 : 2185
   201707 : 349184
   201808 : 4531
   201708 : 61550
   201909 : 154
   201803 : 2339
   201812 : 1949
   201712 : 41584
   201701 : 21
   201809 : 2808
   201907 : 418
   201709 : 42389
   201706 : 134515
   201702 : 36358
   201901 : 2328
   201805 : 44228
   201806 : 2658
   201704 : 252461
   201705 : 197343
   201906 : 92
   201804 : 627834
   201711 : 6455
   201902 : 136
   201908 : 477
task 4::  SMITH 12651
running:: main.v1.scala.sh
file::/home/vietvd5/works/large-file/data/by_date/itcont_2018_20020411_20170529.txt
task 1:: 1999820
task 2:: 
task 3 
    201712:41584
    201811:780
    201711:6455
    201810:2185
    201812:1949
    201710:49334
    201907:418
    201709:42389
    201808:4531
    201906:92
    201708:61550
    201807:2727
    201909:154
    201908:477
    201809:2808
    201903:2446
    201705:197343
    201804:627834
    201902:136
    201704:252461
    201803:2339
    201905:207
    201707:349184
    201806:2658
    201904:395
    201706:134515
    201805:44228
    201701:21
    201901:2328
    201703:78592
    201802:5425
    201702:36358
    201801:45917
task 4 SMITH 12650
running:: python.v1.py
processing file:: /home/vietvd5/works/large-file/data/by_date/itcont_2018_20020411_20170529.txt
task 1:: 1999820
task 2:: ['GAWRONSKI, GRANT', 'CROMEY, NICOLE']
task 3
  201801:45917
  201810:2185
  201804:627834
  201805:44228
  201812:1949
  201707:349184
  201808:4531
  201807:2727
  201806:2658
  201710:49334
  201803:2339
  201802:5425
  201703:78592
  201712:41584
  201704:252461
  201905:207
  201709:42389
  201711:6455
  201708:61550
  201706:134515
  201705:197343
  201702:36358
  201701:21
  201901:2328
  201904:395
  201809:2808
  201811:780
  201902:136
  201909:154
  201907:418
  201908:477
  201906:92
  201903:2446
task 4:: SMITH; 12650
Thứ ba, 05 Tháng 1 năm 2021 11:46:42 +07
running:: /home/vietvu/works/really-large-file/dist/go.v3.bin
processing file:: /home/vietvu/data/misc/itcont.txt
task 1::  21729512
task 2::  [  WILSON, BRIAN MR. DEVERS, DAN]
task 3:: 
   201706 : 179967
   202006 : 2651
   202002 : 61147
   202012 : 1653
   202008 : 3079
   201802 : 466871
   201807 : 1076926
   201811 : 269507
   201912 : 4107
   202009 : 60
   202010 : 2057
   201808 : 709636
   201707 : 707405
   201806 : 492439
   201907 : 329512
   202007 : 2114
   201908 : 199243
   201906 : 153107
   201810 : 2920767
   201804 : 3012162
   201711 : 343838
   201902 : 76932
   201903 : 315222
   202001 : 6736
   202005 : 403
   201801 : 1240751
   201708 : 296408
   201705 : 197366
   201904 : 391808
   201911 : 13237
   201812 : 2654677
   201703 : 78566
   201709 : 376475
   201905 : 142941
   202004 : 352
   202003 : 11618
   201710 : 577150
   201803 : 178616
   201702 : 36338
   201809 : 1214442
   201909 : 11651
   201805 : 523313
   201712 : 462827
   201704 : 248053
   202011 : 66
   201901 : 1646164
   201701 : 21
   201910 : 89131
task 4::  SMITH 155528
running:: /home/vietvu/works/really-large-file/dist/large_file
filename: /home/vietvu/data/misc/itcont.txt
task 1:: 21729512
task 2:: ["WILSON, BRIAN MR.", "DEVERS, DAN"]
task 3:: {"201709": 376475, "201907": 329512, "201906": 153107, "201710": 577150, "201806": 492439, "201812": 2654677, "201704": 248053, "201901": 1646164, "202011": 66, "202008": 3079, "202001": 6736, "201708": 296408, "202002": 61147, "201810": 2920767, "201902": 76932, "201804": 3012162, "201811": 269507, "201712": 462827, "201805": 523313, "202010": 2057, "201905": 142941, "201706": 179967, "202007": 2114, "201908": 199243, "201705": 197366, "202005": 403, "202009": 60, "201711": 343838, "201903": 315222, "202006": 2651, "201809": 1214442, "201904": 391808, "202004": 352, "202003": 11618, "201702": 36338, "201703": 78566, "201803": 178616, "201807": 1076926, "202012": 1653, "201701": 21, "201911": 13237, "201909": 11651, "201910": 89131, "201912": 4107, "201801": 1240751, "201802": 466871, "201707": 707405, "201808": 709636}
task 4:: SMITH, 155528
lines tooks:: 15020ms
max tooks:: 15021ms
Thứ ba, 05 Tháng 1 năm 2021 11:47:39 +07
running:: /home/vietvu/works/really-large-file/dist/go.v3.bin
processing file:: /home/vietvu/data/misc/itcont.txt
task 1::  21729512
task 2::  [  WILSON, BRIAN MR. DEVERS, DAN]
task 3::  map[201701:21 201702:36338 201703:78566 201704:248053 201705:197366 201706:179967 201707:707405 201708:296408 201709:376475 201710:577150 201711:343838 201712:462827 201801:1240751 201802:466871 201803:178616 201804:3012162 201805:523313 201806:492439 201807:1076926 201808:709636 201809:1214442 201810:2920767 201811:269507 201812:2654677 201901:1646164 201902:76932 201903:315222 201904:391808 201905:142941 201906:153107 201907:329512 201908:199243 201909:11651 201910:89131 201911:13237 201912:4107 202001:6736 202002:61147 202003:11618 202004:352 202005:403 202006:2651 202007:2114 202008:3079 202009:60 202010:2057 202011:66 202012:1653]
task 4::  SMITH 155528
running:: /home/vietvu/works/really-large-file/dist/large_file
filename: /home/vietvu/data/misc/itcont.txt
task 1:: 21729512
task 2:: []
task 3:: {"201707": 850, "201709": 572, "201710": 1459, "201901": 2693, "201705": 242, "201807": 1971, "201910": 257, "201908": 163, "201808": 602, "201903": 601, "201802": 919, "201803": 602, "201706": 786, "201904": 760, "201801": 2422, "201711": 574, "202002": 134, "201804": 5455, "201703": 106, "201806": 967, "201708": 898, "201906": 488, "201905": 195, "201712": 755, "201704": 613, "201811": 508, "201902": 218, "201702": 138, "201809": 2774, "201812": 41715, "201907": 700, "201805": 764, "201810": 5170}
task 4:: MILLER, 2023
lines took:: 3606ms
Thứ ba, 05 Tháng 1 năm 2021 11:54:41 +07
running:: /home/vietvu/works/really-large-file/dist/go.v3.bin
processing file:: /home/vietvu/data/misc/itcont.txt
Thứ ba, 05 Tháng 1 năm 2021 11:57:43 +07
running:: /home/vietvu/works/really-large-file/dist/go.v3.bin
processing file:: /home/vietvu/data/misc/itcont.txt
task 1::  21729512
task 2::  [  WILSON, BRIAN MR. DEVERS, DAN]
task 3::  map[201701:21 201702:36338 201703:78566 201704:248053 201705:197366 201706:179967 201707:707405 201708:296408 201709:376475 201710:577150 201711:343838 201712:462827 201801:1240751 201802:466871 201803:178616 201804:3012162 201805:523313 201806:492439 201807:1076926 201808:709636 201809:1214442 201810:2920767 201811:269507 201812:2654677 201901:1646164 201902:76932 201903:315222 201904:391808 201905:142941 201906:153107 201907:329512 201908:199243 201909:11651 201910:89131 201911:13237 201912:4107 202001:6736 202002:61147 202003:11618 202004:352 202005:403 202006:2651 202007:2114 202008:3079 202009:60 202010:2057 202011:66 202012:1653]
task 4::  SMITH 155528
running:: /home/vietvu/works/really-large-file/dist/large_file_v2
filename: /home/vietvu/data/misc/itcont.txt
task 1:: 21729512
task 2:: []
task 3:: {"201702": 67, "201703": 98, "201806": 468, "201905": 135, "201808": 516, "201804": 4482, "201809": 6651, "201807": 1186, "201705": 80, "201712": 564, "201706": 324, "201711": 659, "201802": 836, "201709": 408, "201810": 5354, "201908": 245, "201812": 40832, "201907": 458, "201903": 441, "201803": 461, "201906": 233, "201901": 18995, "201904": 736, "201902": 220, "201910": 193, "201708": 701, "201707": 1119, "201704": 407, "201801": 846, "201805": 916, "201811": 500, "202002": 70, "201710": 697}
task 4:: MILLER, 2040
lines took:: 3698ms
Thứ ba, 05 Tháng 1 năm 2021 11:58:01 +07
running:: /home/vietvu/works/really-large-file/dist/go.v3.bin
processing file:: /home/vietvu/data/misc/itcont.txt
task 1::  21729512
task 2::  [  WILSON, BRIAN MR. DEVERS, DAN]
task 3::  map[201701:21 201702:36338 201703:78566 201704:248053 201705:197366 201706:179967 201707:707405 201708:296408 201709:376475 201710:577150 201711:343838 201712:462827 201801:1240751 201802:466871 201803:178616 201804:3012162 201805:523313 201806:492439 201807:1076926 201808:709636 201809:1214442 201810:2920767 201811:269507 201812:2654677 201901:1646164 201902:76932 201903:315222 201904:391808 201905:142941 201906:153107 201907:329512 201908:199243 201909:11651 201910:89131 201911:13237 201912:4107 202001:6736 202002:61147 202003:11618 202004:352 202005:403 202006:2651 202007:2114 202008:3079 202009:60 202010:2057 202011:66 202012:1653]
task 4::  SMITH 155528
running:: /home/vietvu/works/really-large-file/dist/large_file_v2
filename: /home/vietvu/data/misc/itcont.txt
task 1:: 21729512
task 2:: []
task 3:: {"201804": 4692, "201709": 498, "201811": 294, "201802": 430, "202002": 126, "201906": 365, "201807": 1361, "201907": 786, "201805": 705, "201812": 40467, "201910": 249, "201801": 1329, "201905": 208, "201908": 176, "201712": 757, "201708": 471, "201706": 376, "201810": 5206, "201902": 162, "201711": 711, "201903": 563, "201904": 293, "201809": 2500, "201803": 728, "201702": 23, "201704": 400, "201707": 747, "201806": 660, "201705": 128, "201710": 1479, "201808": 479, "201901": 1734, "201703": 140}
task 4:: MILLER, 1989
lines took:: 3666ms
Thứ ba, 05 Tháng 1 năm 2021 11:58:17 +07
running:: /home/vietvu/works/really-large-file/dist/go.v3.bin
processing file:: /home/vietvu/data/misc/itcont.txt
task 1::  21729512
task 2::  [  WILSON, BRIAN MR. DEVERS, DAN]
task 3::  map[201701:21 201702:36338 201703:78566 201704:248053 201705:197366 201706:179967 201707:707405 201708:296408 201709:376475 201710:577150 201711:343838 201712:462827 201801:1240751 201802:466871 201803:178616 201804:3012162 201805:523313 201806:492439 201807:1076926 201808:709636 201809:1214442 201810:2920767 201811:269507 201812:2654677 201901:1646164 201902:76932 201903:315222 201904:391808 201905:142941 201906:153107 201907:329512 201908:199243 201909:11651 201910:89131 201911:13237 201912:4107 202001:6736 202002:61147 202003:11618 202004:352 202005:403 202006:2651 202007:2114 202008:3079 202009:60 202010:2057 202011:66 202012:1653]
task 4::  SMITH 155528
running:: /home/vietvu/works/really-large-file/dist/large_file_v2
filename: /home/vietvu/data/misc/itcont.txt
task 1:: 21729512
task 2:: []
task 3:: {"201703": 147, "201708": 966, "201709": 583, "201805": 644, "201812": 41275, "201811": 426, "201705": 175, "201712": 614, "201702": 267, "202002": 126, "201904": 643, "201707": 1100, "201802": 991, "201804": 5455, "201704": 693, "201903": 562, "201908": 232, "201706": 797, "201801": 2537, "201809": 2651, "201807": 1820, "201910": 239, "201907": 356, "201906": 162, "201905": 162, "201810": 5624, "201808": 675, "201901": 1636, "201710": 1630, "201803": 520, "201711": 567, "201806": 838, "201902": 267}
task 4:: MILLER, 2007
lines took:: 3624ms
Thứ ba, 05 Tháng 1 năm 2021 11:59:30 +07
running:: /home/vietvu/works/really-large-file/dist/go.v3.bin
processing file:: /home/vietvu/data/misc/itcont.txt
task 1::  21729512
task 2::  [  WILSON, BRIAN MR. DEVERS, DAN]
task 3::  map[201701:21 201702:36338 201703:78566 201704:248053 201705:197366 201706:179967 201707:707405 201708:296408 201709:376475 201710:577150 201711:343838 201712:462827 201801:1240751 201802:466871 201803:178616 201804:3012162 201805:523313 201806:492439 201807:1076926 201808:709636 201809:1214442 201810:2920767 201811:269507 201812:2654677 201901:1646164 201902:76932 201903:315222 201904:391808 201905:142941 201906:153107 201907:329512 201908:199243 201909:11651 201910:89131 201911:13237 201912:4107 202001:6736 202002:61147 202003:11618 202004:352 202005:403 202006:2651 202007:2114 202008:3079 202009:60 202010:2057 202011:66 202012:1653]
task 4::  SMITH 155528
running:: /home/vietvu/works/really-large-file/dist/large_file_v1
filename: /home/vietvu/data/misc/itcont.txt
task 1:: 21729512
task 2:: ["WILSON, BRIAN MR.", "DEVERS, DAN"]
task 3:: {"201707": 707405, "202011": 66, "202002": 61147, "201702": 36338, "201904": 391808, "201912": 4107, "201812": 2654677, "202010": 2057, "201902": 76932, "201811": 269507, "201712": 462827, "202012": 1653, "201911": 13237, "202008": 3079, "201709": 376475, "201711": 343838, "201803": 178616, "201708": 296408, "201903": 315222, "202003": 11618, "201805": 523313, "201905": 142941, "201807": 1076926, "201910": 89131, "202009": 60, "202001": 6736, "202006": 2651, "201808": 709636, "201704": 248053, "201801": 1240751, "201806": 492439, "201810": 2920767, "201701": 21, "201710": 577150, "201906": 153107, "201706": 179967, "201703": 78566, "201907": 329512, "201909": 11651, "202005": 403, "202004": 352, "201802": 466871, "201908": 199243, "201804": 3012162, "202007": 2114, "201809": 1214442, "201901": 1646164, "201705": 197366}
task 4:: SMITH, 155528
lines tooks:: 14689ms
max tooks:: 14691ms
running:: /home/vietvu/works/really-large-file/dist/large_file_v2
filename: /home/vietvu/data/misc/itcont.txt
task 1:: 21729512
task 2:: []
task 3:: {"201705": 127, "201804": 5197, "201712": 865, "201710": 1350, "201901": 2026, "201801": 1812, "201706": 747, "201704": 504, "201803": 657, "201810": 5597, "202002": 5, "201910": 122, "201907": 619, "201908": 142, "201708": 758, "201711": 499, "201805": 960, "201703": 147, "201811": 577, "201904": 684, "201702": 9, "201806": 601, "201809": 2479, "201707": 920, "201812": 41112, "201906": 468, "201802": 998, "201807": 1811, "201902": 253, "201903": 389, "201905": 169, "201709": 511, "201808": 580}
task 4:: MILLER, 1989
lines took:: 3583ms
Thứ ba, 05 Tháng 1 năm 2021 13:50:22 +07
running:: /home/vietvu/works/really-large-file/dist/go.v3.bin
processing file:: /home/vietvu/data/misc/itcont.txt
task 1::  21729512
task 2::  [  WILSON, BRIAN MR. DEVERS, DAN]
task 3::  map[201701:21 201702:36338 201703:78566 201704:248053 201705:197366 201706:179967 201707:707405 201708:296408 201709:376475 201710:577150 201711:343838 201712:462827 201801:1240751 201802:466871 201803:178616 201804:3012162 201805:523313 201806:492439 201807:1076926 201808:709636 201809:1214442 201810:2920767 201811:269507 201812:2654677 201901:1646164 201902:76932 201903:315222 201904:391808 201905:142941 201906:153107 201907:329512 201908:199243 201909:11651 201910:89131 201911:13237 201912:4107 202001:6736 202002:61147 202003:11618 202004:352 202005:403 202006:2651 202007:2114 202008:3079 202009:60 202010:2057 202011:66 202012:1653]
task 4::  SMITH 155528
running:: /home/vietvu/works/really-large-file/dist/large_file_v1
filename: /home/vietvu/data/misc/itcont.txt
task 1:: 21729512
task 2:: ["WILSON, BRIAN MR.", "DEVERS, DAN"]
task 3:: {"201807": 1076926, "202002": 61147, "201805": 523313, "201702": 36338, "201912": 4107, "202011": 66, "201801": 1240751, "201812": 2654677, "201803": 178616, "201808": 709636, "201704": 248053, "201903": 315222, "201906": 153107, "201909": 11651, "201811": 269507, "202001": 6736, "201709": 376475, "201711": 343838, "201706": 179967, "202010": 2057, "202012": 1653, "202008": 3079, "202005": 403, "201710": 577150, "201802": 466871, "201707": 707405, "201804": 3012162, "201905": 142941, "202003": 11618, "201907": 329512, "202009": 60, "201703": 78566, "201809": 1214442, "201902": 76932, "201806": 492439, "201712": 462827, "201910": 89131, "201705": 197366, "201701": 21, "201911": 13237, "201901": 1646164, "202007": 2114, "202004": 352, "201708": 296408, "201810": 2920767, "202006": 2651, "201904": 391808, "201908": 199243}
task 4:: SMITH, 155528
lines tooks:: 15105ms
max tooks:: 15106ms
running:: /home/vietvu/works/really-large-file/dist/large_file_v2
filename: /home/vietvu/data/misc/itcont.txt
task 1:: 21729512
task 2:: ["SMOLINSKI, MARK W. MR.", "HEIL, CHRIS J"]
task 3:: {"201807": 1076926, "201805": 523313, "201912": 4107, "201808": 709636, "201909": 11651, "202008": 3079, "202010": 2057, "201709": 376475, "202002": 61147, "201802": 466871, "201801": 1240751, "201804": 3012162, "201812": 2654677, "201809": 1214442, "201905": 142941, "201707": 707405, "202004": 352, "202005": 403, "201803": 178616, "201908": 199243, "201911": 13237, "201906": 153107, "201702": 36338, "202001": 6736, "202006": 2651, "201712": 462827, "201706": 179967, "201710": 577150, "201811": 269507, "201708": 296408, "201704": 248053, "201806": 492439, "201903": 315222, "201810": 2920767, "201701": 21, "201902": 76932, "202012": 1653, "202011": 66, "201904": 391808, "201711": 343838, "201910": 89131, "201703": 78566, "202003": 11618, "202009": 60, "201901": 1646164, "201907": 329512, "201705": 197366, "202007": 2114}
task 4:: SMITH, 155528
lines took:: 11829ms
Thứ ba, 05 Tháng 1 năm 2021 13:51:22 +07
running:: /home/vietvu/works/really-large-file/dist/go.v3.bin
processing file:: /home/vietvu/data/misc/itcont.txt
task 1::  21729512
task 2::  [  WILSON, BRIAN MR. DEVERS, DAN]
task 3::  map[201701:21 201702:36338 201703:78566 201704:248053 201705:197366 201706:179967 201707:707405 201708:296408 201709:376475 201710:577150 201711:343838 201712:462827 201801:1240751 201802:466871 201803:178616 201804:3012162 201805:523313 201806:492439 201807:1076926 201808:709636 201809:1214442 201810:2920767 201811:269507 201812:2654677 201901:1646164 201902:76932 201903:315222 201904:391808 201905:142941 201906:153107 201907:329512 201908:199243 201909:11651 201910:89131 201911:13237 201912:4107 202001:6736 202002:61147 202003:11618 202004:352 202005:403 202006:2651 202007:2114 202008:3079 202009:60 202010:2057 202011:66 202012:1653]
task 4::  SMITH 155528
running:: /home/vietvu/works/really-large-file/dist/large_file_v1
filename: /home/vietvu/data/misc/itcont.txt
task 1:: 21729512
task 2:: ["WILSON, BRIAN MR.", "DEVERS, DAN"]
task 3:: {"201702": 36338, "201701": 21, "201905": 142941, "201902": 76932, "201811": 269507, "201708": 296408, "201802": 466871, "202001": 6736, "201703": 78566, "201709": 376475, "202006": 2651, "201804": 3012162, "202002": 61147, "201910": 89131, "201908": 199243, "201712": 462827, "201807": 1076926, "201711": 343838, "201710": 577150, "201705": 197366, "202008": 3079, "201805": 523313, "201911": 13237, "202012": 1653, "201904": 391808, "202004": 352, "202010": 2057, "201808": 709636, "201907": 329512, "202003": 11618, "201809": 1214442, "201706": 179967, "201812": 2654677, "201810": 2920767, "202009": 60, "201901": 1646164, "201803": 178616, "202005": 403, "202007": 2114, "201707": 707405, "201912": 4107, "202011": 66, "201903": 315222, "201909": 11651, "201906": 153107, "201806": 492439, "201801": 1240751, "201704": 248053}
task 4:: SMITH, 155528
lines tooks:: 15202ms
max tooks:: 15203ms
running:: /home/vietvu/works/really-large-file/dist/large_file_v2
filename: /home/vietvu/data/misc/itcont.txt
task 1:: 21729512
task 2:: ["WILSON, BRIAN MR.", "DEVERS, DAN"]
task 3:: {"201911": 13237, "201712": 462827, "201901": 1646164, "201806": 492439, "201708": 296408, "201702": 36338, "201804": 3012162, "201701": 21, "202012": 1653, "202007": 2114, "201707": 707405, "202004": 352, "202005": 403, "202009": 60, "201710": 577150, "201809": 1214442, "202003": 11618, "201807": 1076926, "202010": 2057, "202001": 6736, "201905": 142941, "201801": 1240751, "201802": 466871, "201706": 179967, "201903": 315222, "201808": 709636, "202006": 2651, "201704": 248053, "202008": 3079, "201908": 199243, "201912": 4107, "201906": 153107, "201709": 376475, "201902": 76932, "202011": 66, "201703": 78566, "201812": 2654677, "201907": 329512, "201805": 523313, "201803": 178616, "201910": 89131, "201904": 391808, "201811": 269507, "201810": 2920767, "201711": 343838, "201705": 197366, "202002": 61147, "201909": 11651}
task 4:: SMITH, 155528
lines took:: 11937ms
Thứ ba, 05 Tháng 1 năm 2021 13:52:45 +07
running:: /home/vietvu/works/really-large-file/dist/go.v3.bin
processing file:: /home/vietvu/data/misc/itcont.txt
task 1::  21729512
task 2::  [  WILSON, BRIAN MR. DEVERS, DAN]
task 3::  map[201701:21 201702:36338 201703:78566 201704:248053 201705:197366 201706:179967 201707:707405 201708:296408 201709:376475 201710:577150 201711:343838 201712:462827 201801:1240751 201802:466871 201803:178616 201804:3012162 201805:523313 201806:492439 201807:1076926 201808:709636 201809:1214442 201810:2920767 201811:269507 201812:2654677 201901:1646164 201902:76932 201903:315222 201904:391808 201905:142941 201906:153107 201907:329512 201908:199243 201909:11651 201910:89131 201911:13237 201912:4107 202001:6736 202002:61147 202003:11618 202004:352 202005:403 202006:2651 202007:2114 202008:3079 202009:60 202010:2057 202011:66 202012:1653]
task 4::  SMITH 155528
running:: /home/vietvu/works/really-large-file/dist/large_file_v2
filename: /home/vietvu/data/misc/itcont.txt
Thứ ba, 05 Tháng 1 năm 2021 13:53:08 +07
running:: /home/vietvu/works/really-large-file/dist/go.v3.bin
processing file:: /home/vietvu/data/misc/itcont.txt
Thứ ba, 05 Tháng 1 năm 2021 13:53:56 +07
running:: /home/vietvu/works/really-large-file/dist/go.v3.bin
processing file:: /home/vietvu/data/misc/itcont.txt
Thứ ba, 05 Tháng 1 năm 2021 13:54:15 +07
running:: /home/vietvu/works/really-large-file/dist/go.v3.bin
processing file:: /home/vietvu/data/misc/itcont.txt
task 1::  21729512
task 2::  [  WILSON, BRIAN MR. DEVERS, DAN]
task 3::  map[201701:21 201702:36338 201703:78566 201704:248053 201705:197366 201706:179967 201707:707405 201708:296408 201709:376475 201710:577150 201711:343838 201712:462827 201801:1240751 201802:466871 201803:178616 201804:3012162 201805:523313 201806:492439 201807:1076926 201808:709636 201809:1214442 201810:2920767 201811:269507 201812:2654677 201901:1646164 201902:76932 201903:315222 201904:391808 201905:142941 201906:153107 201907:329512 201908:199243 201909:11651 201910:89131 201911:13237 201912:4107 202001:6736 202002:61147 202003:11618 202004:352 202005:403 202006:2651 202007:2114 202008:3079 202009:60 202010:2057 202011:66 202012:1653]
task 4::  SMITH 155528
running:: /home/vietvu/works/really-large-file/dist/large_file_v1
filename: /home/vietvu/data/misc/itcont.txt
task 1:: 21729512
task 2:: ["WILSON, BRIAN MR.", "DEVERS, DAN"]
task 3:: {"201705": 197366, "202011": 66, "201712": 462827, "201810": 2920767, "201808": 709636, "201802": 466871, "201701": 21, "202009": 60, "201910": 89131, "201707": 707405, "201801": 1240751, "201706": 179967, "202012": 1653, "201902": 76932, "201901": 1646164, "202005": 403, "201909": 11651, "202004": 352, "202006": 2651, "201908": 199243, "201912": 4107, "201812": 2654677, "201903": 315222, "201710": 577150, "201811": 269507, "201904": 391808, "201711": 343838, "201803": 178616, "201708": 296408, "201809": 1214442, "201807": 1076926, "201905": 142941, "202010": 2057, "202002": 61147, "201704": 248053, "201911": 13237, "201907": 329512, "202003": 11618, "202007": 2114, "201702": 36338, "202001": 6736, "202008": 3079, "201709": 376475, "201703": 78566, "201804": 3012162, "201806": 492439, "201805": 523313, "201906": 153107}
task 4:: SMITH, 155528
lines tooks:: 14677ms
max tooks:: 14678ms
running:: /home/vietvu/works/really-large-file/dist/large_file_v2
filename: /home/vietvu/data/misc/itcont.txt
task 1:: 21729512
task 2:: ["WILSON, BRIAN MR.", "DEVERS, DAN"]
task 3:: {"201807": 1076926, "201707": 707405, "201909": 11651, "201809": 1214442, "201803": 178616, "201708": 296408, "201702": 36338, "201907": 329512, "201911": 13237, "201704": 248053, "201804": 3012162, "202005": 403, "201908": 199243, "201712": 462827, "202010": 2057, "201902": 76932, "201812": 2654677, "201903": 315222, "201808": 709636, "201802": 466871, "201810": 2920767, "202006": 2651, "201806": 492439, "202007": 2114, "201912": 4107, "202004": 352, "202003": 11618, "201904": 391808, "202011": 66, "202008": 3079, "201703": 78566, "201811": 269507, "201709": 376475, "201711": 343838, "201910": 89131, "201801": 1240751, "202012": 1653, "201705": 197366, "201710": 577150, "202002": 61147, "201706": 179967, "201805": 523313, "201905": 142941, "201901": 1646164, "202001": 6736, "201906": 153107, "201701": 21, "202009": 60}
task 4:: SMITH, 155528
lines took:: 12040ms
Thứ ba, 05 Tháng 1 năm 2021 13:54:54 +07
running:: /home/vietvu/works/really-large-file/dist/go.v3.bin
processing file:: /home/vietvu/data/misc/itcont.txt
task 1::  21729512
task 2::  [  WILSON, BRIAN MR. DEVERS, DAN]
task 3::  map[201701:21 201702:36338 201703:78566 201704:248053 201705:197366 201706:179967 201707:707405 201708:296408 201709:376475 201710:577150 201711:343838 201712:462827 201801:1240751 201802:466871 201803:178616 201804:3012162 201805:523313 201806:492439 201807:1076926 201808:709636 201809:1214442 201810:2920767 201811:269507 201812:2654677 201901:1646164 201902:76932 201903:315222 201904:391808 201905:142941 201906:153107 201907:329512 201908:199243 201909:11651 201910:89131 201911:13237 201912:4107 202001:6736 202002:61147 202003:11618 202004:352 202005:403 202006:2651 202007:2114 202008:3079 202009:60 202010:2057 202011:66 202012:1653]
task 4::  SMITH 155528
running:: /home/vietvu/works/really-large-file/dist/large_file_v1
filename: /home/vietvu/data/misc/itcont.txt
task 1:: 21729512
task 2:: ["WILSON, BRIAN MR.", "DEVERS, DAN"]
task 3:: {"202001": 6736, "202012": 1653, "201802": 466871, "201709": 376475, "201706": 179967, "201906": 153107, "201711": 343838, "201701": 21, "201803": 178616, "202003": 11618, "201909": 11651, "201704": 248053, "201908": 199243, "201901": 1646164, "201805": 523313, "201902": 76932, "201702": 36338, "202004": 352, "201806": 492439, "201910": 89131, "201705": 197366, "201912": 4107, "202011": 66, "201801": 1240751, "201911": 13237, "202010": 2057, "201903": 315222, "201708": 296408, "201907": 329512, "202009": 60, "202002": 61147, "201905": 142941, "201703": 78566, "201707": 707405, "202007": 2114, "202005": 403, "201807": 1076926, "202008": 3079, "202006": 2651, "201811": 269507, "201904": 391808, "201808": 709636, "201809": 1214442, "201812": 2654677, "201810": 2920767, "201710": 577150, "201712": 462827, "201804": 3012162}
task 4:: SMITH, 155528
lines tooks:: 15943ms
max tooks:: 15944ms
running:: /home/vietvu/works/really-large-file/dist/large_file_v2
filename: /home/vietvu/data/misc/itcont.txt
task 1:: 21729512
task 2:: ["WILSON, BRIAN MR.", "DEVERS, DAN"]
task 3:: {"201710": 577150, "201809": 1214442, "202002": 61147, "201912": 4107, "201806": 492439, "202005": 403, "201808": 709636, "201812": 2654677, "201906": 153107, "201901": 1646164, "202010": 2057, "201909": 11651, "202003": 11618, "201707": 707405, "201704": 248053, "201711": 343838, "201804": 3012162, "201907": 329512, "201701": 21, "201801": 1240751, "202004": 352, "202011": 66, "201905": 142941, "202007": 2114, "201911": 13237, "201703": 78566, "202008": 3079, "201709": 376475, "202009": 60, "201702": 36338, "201810": 2920767, "201802": 466871, "201904": 391808, "201903": 315222, "201712": 462827, "201805": 523313, "201706": 179967, "202001": 6736, "202006": 2651, "201708": 296408, "201910": 89131, "202012": 1653, "201807": 1076926, "201908": 199243, "201811": 269507, "201902": 76932, "201705": 197366, "201803": 178616}
task 4:: SMITH, 155528
lines took:: 12997ms
Thứ ba, 05 Tháng 1 năm 2021 13:55:33 +07
running:: /home/vietvu/works/really-large-file/dist/go.v3.bin
processing file:: /home/vietvu/data/misc/itcont.txt
task 1::  21729512
task 2::  [  WILSON, BRIAN MR. DEVERS, DAN]
task 3::  map[201701:21 201702:36338 201703:78566 201704:248053 201705:197366 201706:179967 201707:707405 201708:296408 201709:376475 201710:577150 201711:343838 201712:462827 201801:1240751 201802:466871 201803:178616 201804:3012162 201805:523313 201806:492439 201807:1076926 201808:709636 201809:1214442 201810:2920767 201811:269507 201812:2654677 201901:1646164 201902:76932 201903:315222 201904:391808 201905:142941 201906:153107 201907:329512 201908:199243 201909:11651 201910:89131 201911:13237 201912:4107 202001:6736 202002:61147 202003:11618 202004:352 202005:403 202006:2651 202007:2114 202008:3079 202009:60 202010:2057 202011:66 202012:1653]
task 4::  SMITH 155528
running:: /home/vietvu/works/really-large-file/dist/large_file_v1
filename: /home/vietvu/data/misc/itcont.txt
task 1:: 21729512
task 2:: ["WILSON, BRIAN MR.", "DEVERS, DAN"]
task 3:: {"201812": 2654677, "201712": 462827, "201802": 466871, "202011": 66, "201908": 199243, "201911": 13237, "201704": 248053, "201906": 153107, "201902": 76932, "202008": 3079, "201803": 178616, "201806": 492439, "201707": 707405, "202007": 2114, "201811": 269507, "201808": 709636, "201703": 78566, "201904": 391808, "202004": 352, "201905": 142941, "202002": 61147, "201706": 179967, "201901": 1646164, "201801": 1240751, "201809": 1214442, "202001": 6736, "201910": 89131, "201805": 523313, "201708": 296408, "201909": 11651, "201709": 376475, "201804": 3012162, "201711": 343838, "202003": 11618, "201702": 36338, "201710": 577150, "201907": 329512, "201810": 2920767, "201705": 197366, "202012": 1653, "201807": 1076926, "201912": 4107, "202005": 403, "202009": 60, "202010": 2057, "201701": 21, "201903": 315222, "202006": 2651}
task 4:: SMITH, 155528
lines tooks:: 15236ms
max tooks:: 15237ms
running:: /home/vietvu/works/really-large-file/dist/large_file_v2
filename: /home/vietvu/data/misc/itcont.txt
task 1:: 21729512
task 2:: ["WILSON, BRIAN MR.", "DEVERS, DAN"]
task 3:: {"202011": 66, "201705": 197366, "202005": 403, "202010": 2057, "201709": 376475, "201808": 709636, "201707": 707405, "202003": 11618, "201901": 1646164, "201702": 36338, "201903": 315222, "201712": 462827, "201701": 21, "202008": 3079, "202009": 60, "201802": 466871, "201810": 2920767, "202002": 61147, "201711": 343838, "201708": 296408, "201803": 178616, "201801": 1240751, "201706": 179967, "201904": 391808, "201807": 1076926, "201703": 78566, "201809": 1214442, "202001": 6736, "201907": 329512, "201910": 89131, "202007": 2114, "202004": 352, "201906": 153107, "201912": 4107, "201902": 76932, "201804": 3012162, "201806": 492439, "201811": 269507, "202012": 1653, "201908": 199243, "201812": 2654677, "201710": 577150, "201911": 13237, "202006": 2651, "201909": 11651, "201905": 142941, "201805": 523313, "201704": 248053}
task 4:: SMITH, 155528
lines took:: 11810ms
Thứ ba, 05 Tháng 1 năm 2021 13:56:13 +07
running:: /home/vietvu/works/really-large-file/dist/go.v3.bin
processing file:: /home/vietvu/data/misc/itcont.txt
task 1::  21729512
task 2::  [  WILSON, BRIAN MR. DEVERS, DAN]
task 3::  map[201701:21 201702:36338 201703:78566 201704:248053 201705:197366 201706:179967 201707:707405 201708:296408 201709:376475 201710:577150 201711:343838 201712:462827 201801:1240751 201802:466871 201803:178616 201804:3012162 201805:523313 201806:492439 201807:1076926 201808:709636 201809:1214442 201810:2920767 201811:269507 201812:2654677 201901:1646164 201902:76932 201903:315222 201904:391808 201905:142941 201906:153107 201907:329512 201908:199243 201909:11651 201910:89131 201911:13237 201912:4107 202001:6736 202002:61147 202003:11618 202004:352 202005:403 202006:2651 202007:2114 202008:3079 202009:60 202010:2057 202011:66 202012:1653]
task 4::  SMITH 155528
running:: /home/vietvu/works/really-large-file/dist/large_file_v1
filename: /home/vietvu/data/misc/itcont.txt
task 1:: 21729512
task 2:: ["WILSON, BRIAN MR.", "DEVERS, DAN"]
task 3:: {"201703": 78566, "201911": 13237, "201903": 315222, "202006": 2651, "201712": 462827, "202005": 403, "201809": 1214442, "202001": 6736, "201810": 2920767, "202002": 61147, "202004": 352, "201811": 269507, "201802": 466871, "201709": 376475, "201706": 179967, "201707": 707405, "201907": 329512, "202012": 1653, "201901": 1646164, "202008": 3079, "201912": 4107, "201801": 1240751, "201905": 142941, "201708": 296408, "201808": 709636, "201812": 2654677, "201711": 343838, "202007": 2114, "201906": 153107, "202009": 60, "202011": 66, "201804": 3012162, "201807": 1076926, "201910": 89131, "201705": 197366, "201805": 523313, "201806": 492439, "201710": 577150, "202010": 2057, "201908": 199243, "201909": 11651, "201803": 178616, "201702": 36338, "202003": 11618, "201902": 76932, "201701": 21, "201904": 391808, "201704": 248053}
task 4:: SMITH, 155528
lines tooks:: 15013ms
max tooks:: 15015ms
running:: /home/vietvu/works/really-large-file/dist/large_file_v2
filename: /home/vietvu/data/misc/itcont.txt
task 1:: 21729512
task 2:: ["WILSON, BRIAN MR.", "DEVERS, DAN"]
task 3:: {"201802": 466871, "201907": 329512, "202011": 66, "201912": 4107, "201704": 248053, "202005": 403, "201703": 78566, "202006": 2651, "201707": 707405, "202012": 1653, "201809": 1214442, "201812": 2654677, "202010": 2057, "202003": 11618, "201712": 462827, "201708": 296408, "201705": 197366, "201701": 21, "201903": 315222, "201908": 199243, "201702": 36338, "201810": 2920767, "201911": 13237, "201710": 577150, "201807": 1076926, "201901": 1646164, "201808": 709636, "201803": 178616, "201910": 89131, "202008": 3079, "201906": 153107, "201801": 1240751, "201706": 179967, "202002": 61147, "201904": 391808, "201905": 142941, "201902": 76932, "202007": 2114, "201909": 11651, "201804": 3012162, "201811": 269507, "201711": 343838, "201805": 523313, "201806": 492439, "201709": 376475, "202001": 6736, "202004": 352, "202009": 60}
task 4:: SMITH, 155528
lines took:: 11882ms
Thứ ba, 05 Tháng 1 năm 2021 13:57:29 +07
running:: /home/vietvu/works/really-large-file/dist/large_file_v2
filename: /home/vietvu/data/misc/itcont.txt
task 1:: 21729512
task 2:: ["WILSON, BRIAN MR.", "DEVERS, DAN"]
task 3:: {"201712": 462827, "202005": 403, "201904": 391808, "202009": 60, "201809": 1214442, "202011": 66, "201806": 492439, "201808": 709636, "202001": 6736, "201901": 1646164, "201801": 1240751, "201711": 343838, "202012": 1653, "201810": 2920767, "201702": 36338, "201802": 466871, "202010": 2057, "201706": 179967, "201907": 329512, "202002": 61147, "201704": 248053, "201705": 197366, "201912": 4107, "201909": 11651, "201811": 269507, "202003": 11618, "201707": 707405, "201804": 3012162, "201803": 178616, "201703": 78566, "201710": 577150, "201908": 199243, "201911": 13237, "202007": 2114, "201903": 315222, "202008": 3079, "201812": 2654677, "201807": 1076926, "201910": 89131, "202004": 352, "201905": 142941, "202006": 2651, "201708": 296408, "201906": 153107, "201902": 76932, "201701": 21, "201805": 523313, "201709": 376475}
task 4:: SMITH, 155528
lines took:: 11355ms
