Name: STOUFFER, LEIGH at index: 0
Name: BECKER, FERDINAND F. at index: 432
Name: BAKER, JEFFREY MICHAEL at index: 43243
Name time: 4.205118834s
Total file line count: 21730731
Line count time: 4.205595625s
Donations per month and year: 201702 and donation ncount: 36338
Donations per month and year: 201807 and donation ncount: 1075801
Donations per month and year: 201907 and donation ncount: 329511
Donations per month and year: 201909 and donation ncount: 11491
Donations per month and year: 201712 and donation ncount: 462827
Donations per month and year: 201707 and donation ncount: 706953
Donations per month and year: 202006 and donation ncount: 2636
Donations per month and year: 201911 and donation ncount: 13237
Donations per month and year: 202109 and donation ncount: 339
Donations per month and year: 201902 and donation ncount: 76840
Donations per month and year: 202007 and donation ncount: 2091
Donations per month and year: 202009 and donation ncount: 60
Donations per month and year: 202107 and donation ncount: 1723
Donations per month and year: 202108 and donation ncount: 2155
Donations per month and year: 202209 and donation ncount: 130
Donations per month and year: 201704 and donation ncount: 248025
Donations per month and year: 201711 and donation ncount: 343830
Donations per month and year: 201912 and donation ncount: 4006
Donations per month and year: 202105 and donation ncount: 237
Donations per month and year: 201701 and donation ncount: 21
Donations per month and year: 201809 and donation ncount: 1214414
Donations per month and year: 201811 and donation ncount: 268851
Donations per month and year: 202012 and donation ncount: 1653
Donations per month and year: 202110 and donation ncount: 6221
Donations per month and year: 201709 and donation ncount: 377516
Donations per month and year: 202211 and donation ncount: 152
Donations per month and year: 201806 and donation ncount: 492393
Donations per month and year: 201708 and donation ncount: 296108
Donations per month and year: 201801 and donation ncount: 1240206
Donations per month and year: 202004 and donation ncount: 352
Donations per month and year: 201906 and donation ncount: 150231
Donations per month and year: 202102 and donation ncount: 2905
Donations per month and year: 202106 and donation ncount: 2796
Donations per month and year: 202201 and donation ncount: 12484
Donations per month and year: 202011 and donation ncount: 55
Donations per month and year: 201910 and donation ncount: 89029
Donations per month and year: 202003 and donation ncount: 11338
Donations per month and year: 202103 and donation ncount: 7117
Donations per month and year: 202212 and donation ncount: 3
Donations per month and year: 201705 and donation ncount: 197364
Donations per month and year: 201812 and donation ncount: 2651697
Donations per month and year: 201803 and donation ncount: 178488
Donations per month and year: 201810 and donation ncount: 2902127
Donations per month and year: 201808 and donation ncount: 709567
Donations per month and year: 201805 and donation ncount: 523259
Donations per month and year: 201903 and donation ncount: 315219
Donations per month and year: 202101 and donation ncount: 896
Donations per month and year: 201904 and donation ncount: 391759
Donations per month and year: 201905 and donation ncount: 142046
Donations per month and year: 202002 and donation ncount: 61147
Donations per month and year: 202112 and donation ncount: 7806
Donations per month and year: 202005 and donation ncount: 403
Donations per month and year: 202010 and donation ncount: 522
Donations per month and year: 202204 and donation ncount: 32
Donations per month and year: 201901 and donation ncount: 1633134
Donations per month and year: 201908 and donation ncount: 199245
Donations per month and year: 202208 and donation ncount: 68
Donations per month and year: 201710 and donation ncount: 576204
Donations per month and year: 202008 and donation ncount: 3079
Donations per month and year: 201804 and donation ncount: 3011275
Donations per month and year: 201706 and donation ncount: 179967
Donations per month and year: 201802 and donation ncount: 465889
Donations per month and year: 202001 and donation ncount: 6736
Donations per month and year: 201703 and donation ncount: 78566
Donations per month and year: 202104 and donation ncount: 1835
Donations per month and year: 202202 and donation ncount: 326
Donations time: 4.205761542s
The most common first name is: JOHN and it occurs: 563412 times.
Most common name time: 4.205766625s
