Reading file using Buffered Reader
Name: STOUFFER, LEIGH at index: 0
Name: BECKER, FERDINAND F. at index: 432
Name: BAKER, JEFFREY MICHAEL at index: 43243
Name time: 83218ms
Total file line count: 21730731
Line count time: 83226ms
Donations per month and year: 05-2018 and donation count: 523259
Donations per month and year: 05-2017 and donation count: 197364
Donations per month and year: 06-2020 and donation count: 2636
Donations per month and year: 05-2019 and donation count: 142046
Donations per month and year: 06-2021 and donation count: 2796
Donations per month and year: 01-2022 and donation count: 12484
Donations per month and year: 01-2020 and donation count: 6736
Donations per month and year: 01-2021 and donation count: 896
Donations per month and year: 07-2021 and donation count: 1723
Donations per month and year: 07-2020 and donation count: 2091
Donations per month and year: 09-2017 and donation count: 377516
Donations per month and year: 06-2017 and donation count: 179967
Donations per month and year: 09-2018 and donation count: 1214414
Donations per month and year: 09-2019 and donation count: 11491
Donations per month and year: 03-2018 and donation count: 178488
Donations per month and year: 03-2017 and donation count: 78566
Donations per month and year: 06-2018 and donation count: 492393
Donations per month and year: 06-2019 and donation count: 150231
Donations per month and year: 11-2017 and donation count: 343830
Donations per month and year: 11-2018 and donation count: 268851
Donations per month and year: 03-2019 and donation count: 315219
Donations per month and year: 11-2019 and donation count: 13237
Donations per month and year: 02-2017 and donation count: 36338
Donations per month and year: 09-2020 and donation count: 60
Donations per month and year: 09-2021 and donation count: 339
Donations per month and year: 09-2022 and donation count: 130
Donations per month and year: 03-2021 and donation count: 7117
Donations per month and year: 08-2017 and donation count: 296108
Donations per month and year: 03-2020 and donation count: 11338
Donations per month and year: 08-2018 and donation count: 709567
Donations per month and year: 08-2019 and donation count: 199245
Donations per month and year: 11-2020 and donation count: 55
Donations per month and year: 11-2022 and donation count: 152
Donations per month and year: 10-2018 and donation count: 2902127
Donations per month and year: 10-2017 and donation count: 576204
Donations per month and year: 12-2021 and donation count: 7806
Donations per month and year: 12-2020 and donation count: 1653
Donations per month and year: 04-2020 and donation count: 352
Donations per month and year: 02-2019 and donation count: 76840
Donations per month and year: 04-2021 and donation count: 1835
Donations per month and year: 02-2018 and donation count: 465889
Donations per month and year: 10-2019 and donation count: 89029
Donations per month and year: 04-2022 and donation count: 32
Donations per month and year: 12-2022 and donation count: 3
Donations per month and year: 10-2021 and donation count: 6221
Donations per month and year: 10-2020 and donation count: 522
Donations per month and year: 12-2018 and donation count: 2651697
Donations per month and year: 12-2017 and donation count: 462827
Donations per month and year: 02-2022 and donation count: 326
Donations per month and year: 12-2019 and donation count: 4006
Donations per month and year: 02-2021 and donation count: 2905
Donations per month and year: 01-2019 and donation count: 1633134
Donations per month and year: 02-2020 and donation count: 61147
Donations per month and year: 05-2021 and donation count: 237
Donations per month and year: 05-2020 and donation count: 403
Donations per month and year: 01-2017 and donation count: 21
Donations per month and year: 01-2018 and donation count: 1240206
Donations per month and year: 08-2020 and donation count: 3079
Donations per month and year: 08-2021 and donation count: 2155
Donations per month and year: 08-2022 and donation count: 68
Donations per month and year: 04-2017 and donation count: 248025
Donations per month and year: 04-2018 and donation count: 3011275
Donations per month and year: 04-2019 and donation count: 391759
Donations per month and year: 07-2019 and donation count: 329511
Donations per month and year: 07-2018 and donation count: 1075801
Donations per month and year: 07-2017 and donation count: 706953
Donations time: 84807ms
The most common first name is: JOHN and it occurs: 563405 times.
Most common name time: 86521ms
