[90mCompiling project (Scala 3.8.4, JVM (26))[0m
[90mCompiled project (Scala 3.8.4, JVM (26))[0m
file::/Users/vietvu/data/misc/itcont.txt
task 1:: 21730731
task 2:: 
task 3 
    201910:89029
    201712:462827
    202208:68
    201711:343830
    202209:130
    201912:4006
    202008:3079
    201911:13237
    202009:60
    202204:32
    202006:2636
    202007:2091
    201710:576204
    202202:326
    202004:352
    202005:403
    202211:152
    202212:3
    202011:55
    202012:1653
    202010:522
    201808:709567
    201807:1075801
    201809:1214414
    201804:3011275
    201803:178488
    201806:492393
    201805:523259
    201802:465889
    201801:1240206
    202101:896
    202102:2905
    201811:268851
    202109:339
    201810:2902127
    202107:1723
    201812:2651697
    202108:2155
    202105:237
    202106:2796
    202103:7117
    202104:1835
    202112:7806
    202110:6221
    201907:329511
    201709:377516
    201906:150231
    201708:296108
    201909:11491
    201908:199245
    201903:315219
    201705:197364
    201902:76840
    201704:248025
    201905:142046
    201707:706953
    201904:391759
    201706:179967
    201701:21
    201901:1633134
    201703:78566
    201702:36338
    202002:61147
    202201:12484
    202003:11338
    202001:6736
task 4 SMITH 155536
